<?xml version="1.0" encoding="UTF-8"?>
<!-- Generated by org.testng.reporters.JUnitReportReporter -->
<testsuite hostname="LAPTOP-DGOD7QP8" failures="0" tests="5" name="Buoi13_TestNG_TestAnotation2.Data_Driven_Testing" time="0.007" errors="0" timestamp="2024-03-12T10:13:51 ICT" skipped="3">
  <testcase classname="Buoi13_TestNG_TestAnotation2.Data_Driven_Testing" name="testMethod5" time="0.006"/>
  <system-out/>
  <testcase classname="Buoi13_TestNG_TestAnotation2.Data_Driven_Testing" name="testMethod5" time="0.001"/>
  <system-out/>
  <testcase classname="Buoi13_TestNG_TestAnotation2.Data_Driven_Testing" name="testMethod2">
    <skipped/>
  </testcase> <!-- testMethod2 -->
  <system-out/>
  <testcase classname="Buoi13_TestNG_TestAnotation2.Data_Driven_Testing" name="testMethod4">
    <skipped/>
  </testcase> <!-- testMethod4 -->
  <system-out/>
  <testcase classname="Buoi13_TestNG_TestAnotation2.Data_Driven_Testing" name="testMethod1">
    <skipped/>
  </testcase> <!-- testMethod1 -->
  <system-out/>
</testsuite> <!-- Buoi13_TestNG_TestAnotation2.Data_Driven_Testing -->
