<?xml version="1.0" encoding="UTF-8"?>
<!-- Generated by org.testng.reporters.JUnitReportReporter -->
<testsuite hostname="LAPTOP-DGOD7QP8" failures="0" tests="1" name="Buoi16_Handle_Alert_PopupWindow_iFrame.Handle_PopupWindow" time="5.530" errors="0" timestamp="2024-03-15T00:18:36 ICT" skipped="0">
  <testcase classname="Buoi16_Handle_Alert_PopupWindow_iFrame.Handle_PopupWindow" name="PopupWindowDemo" time="5.530"/>
  <system-out/>
</testsuite> <!-- Buoi16_Handle_Alert_PopupWindow_iFrame.Handle_PopupWindow -->
