<?xml version="1.0" encoding="UTF-8"?>
<!-- Generated by org.testng.reporters.JUnitReportReporter -->
<testsuite hostname="LAPTOP-DGOD7QP8" failures="0" tests="4" name="Buoi13_TestNG_TestAnotation.Data_Driven_Testing" time="0.011" errors="0" timestamp="2024-03-12T09:41:15 ICT" skipped="0">
  <testcase classname="Buoi13_TestNG_TestAnotation.Data_Driven_Testing" name="testMethod1" time="0.001"/>
  <system-out/>
  <testcase classname="Buoi13_TestNG_TestAnotation.Data_Driven_Testing" name="testMethod2" time="0.001"/>
  <system-out/>
  <testcase classname="Buoi13_TestNG_TestAnotation.Data_Driven_Testing" name="testMethod1" time="0.007"/>
  <system-out/>
  <testcase classname="Buoi13_TestNG_TestAnotation.Data_Driven_Testing" name="testMethod2" time="0.002"/>
  <system-out/>
</testsuite> <!-- Buoi13_TestNG_TestAnotation.Data_Driven_Testing -->
