<?xml version="1.0" encoding="UTF-8"?>
<!-- Generated by org.testng.reporters.JUnitReportReporter -->
<testsuite hostname="LAPTOP-DGOD7QP8" failures="0" tests="3" name="Buoi16_Handle_Alert_PopupWindow_iFrame.HandleIframe" time="36.236" errors="0" timestamp="2024-03-15T22:50:16 ICT" skipped="2">
  <testcase classname="Buoi16_Handle_Alert_PopupWindow_iFrame.HandleIframe" name="IframeNIDNWM" time="36.236"/>
  <system-out/>
  <testcase classname="Buoi16_Handle_Alert_PopupWindow_iFrame.HandleIframe" name="IframeDemoID">
    <skipped/>
  </testcase> <!-- IframeDemoID -->
  <system-out/>
  <testcase classname="Buoi16_Handle_Alert_PopupWindow_iFrame.HandleIframe" name="IframeMainDemo">
    <skipped/>
  </testcase> <!-- IframeMainDemo -->
  <system-out/>
</testsuite> <!-- Buoi16_Handle_Alert_PopupWindow_iFrame.HandleIframe -->
