<?xml version="1.0" encoding="UTF-8"?>
<!-- Generated by org.testng.reporters.JUnitReportReporter -->
<testsuite hostname="LAPTOP-DGOD7QP8" failures="0" tests="1" name="Buoi16_Handle_Alert_PopupWindow_iFrame.Handle_Alert" time="10.869" errors="0" timestamp="2024-03-14T22:46:14 ICT" skipped="0">
  <testcase classname="Buoi16_Handle_Alert_PopupWindow_iFrame.Handle_Alert" name="alertDemo" time="10.869"/>
  <system-out/>
</testsuite> <!-- Buoi16_Handle_Alert_PopupWindow_iFrame.Handle_Alert -->
