<?xml version="1.0" encoding="UTF-8"?>
<!-- Generated by org.testng.reporters.JUnitReportReporter -->
<testsuite hostname="LAPTOP-DGOD7QP8" failures="0" tests="2" name="Buoi12_TestNG_Firstpackage.firstclass" time="0.007" errors="0" timestamp="2024-03-11T12:20:00 ICT" skipped="0">
  <testcase classname="Buoi12_TestNG_Firstpackage.firstclass" name="firtMethod" time="0.006"/>
  <system-out/>
  <testcase classname="Buoi12_TestNG_Firstpackage.firstclass" name="secondMethod" time="0.001"/>
  <system-out/>
</testsuite> <!-- Buoi12_TestNG_Firstpackage.firstclass -->
