<?xml version="1.0" encoding="UTF-8"?>
<!-- Generated by org.testng.reporters.JUnitReportReporter -->
<testsuite hostname="LAPTOP-DGOD7QP8" failures="0" tests="2" name="Buoi15_UserInterActions.ActionsClass" time="5.003" errors="0" timestamp="2024-03-12T15:43:05 ICT" skipped="1">
  <testcase classname="Buoi15_UserInterActions.ActionsClass" name="dragAndDrop" time="5.003"/>
  <system-out/>
  <testcase classname="Buoi15_UserInterActions.ActionsClass" name="TestAction">
    <skipped/>
  </testcase> <!-- TestAction -->
  <system-out/>
</testsuite> <!-- Buoi15_UserInterActions.ActionsClass -->
