<?xml version="1.0" encoding="UTF-8"?>
<!-- Generated by org.testng.reporters.JUnitReportReporter -->
<testsuite hostname="LAPTOP-DGOD7QP8" failures="0" tests="2" name="Buoi12_TestNG_Secondpackage.secondclass" time="0.003" errors="0" timestamp="2024-03-11T11:38:25 ICT" skipped="0">
  <testcase classname="Buoi12_TestNG_Secondpackage.secondclass" name="firstMethod" time="0.001"/>
  <system-out/>
  <testcase classname="Buoi12_TestNG_Secondpackage.secondclass" name="secondMethod" time="0.002"/>
  <system-out/>
</testsuite> <!-- Buoi12_TestNG_Secondpackage.secondclass -->
