<?xml version="1.0" encoding="UTF-8"?>
<!-- Generated by org.testng.reporters.JUnitReportReporter -->
<testsuite hostname="LAPTOP-DGOD7QP8" failures="0" tests="1" name="Buoi14_TestNG_AssertLibrary.AssertExamples" time="0.039" errors="0" timestamp="2024-03-11T23:42:33 ICT" skipped="0">
  <testcase classname="Buoi14_TestNG_AssertLibrary.AssertExamples" name="RunTest" time="0.039"/>
  <system-out/>
</testsuite> <!-- Buoi14_TestNG_AssertLibrary.AssertExamples -->
