<?xml version="1.0" encoding="UTF-8"?>
<!-- Generated by org.testng.reporters.JUnitReportReporter -->
<testsuite hostname="LAPTOP-DGOD7QP8" failures="0" tests="4" name="Buoi13_TestNG_TestAnotation.Attribute_Anotation_Test" time="0.009" errors="0" timestamp="2024-03-12T08:55:39 ICT" skipped="1">
  <testcase classname="Buoi13_TestNG_TestAnotation.Attribute_Anotation_Test" name="firtMethod" time="0.004"/>
  <system-out/>
  <testcase classname="Buoi13_TestNG_TestAnotation.Attribute_Anotation_Test" name="thirdMethod" time="0.000"/>
  <system-out/>
  <testcase classname="Buoi13_TestNG_TestAnotation.Attribute_Anotation_Test" name="fourthMethod" time="0.005"/>
  <system-out/>
  <testcase classname="Buoi13_TestNG_TestAnotation.Attribute_Anotation_Test" name="secondMethod">
    <skipped/>
  </testcase> <!-- secondMethod -->
  <system-out/>
</testsuite> <!-- Buoi13_TestNG_TestAnotation.Attribute_Anotation_Test -->
