<?xml version="1.0" encoding="UTF-8"?>
<!-- Generated by org.testng.reporters.JUnitReportReporter -->
<testsuite hostname="LAPTOP-DGOD7QP8" failures="0" tests="1" name="Buoi15_UserInterActions.RobotClass" time="2.411" errors="0" timestamp="2024-03-12T17:04:41 ICT" skipped="0">
  <testcase classname="Buoi15_UserInterActions.RobotClass" name="InputDataSearch" time="2.411"/>
  <system-out/>
</testsuite> <!-- Buoi15_UserInterActions.RobotClass -->
