<?xml version="1.0" encoding="UTF-8"?>
<!-- Generated by org.testng.reporters.JUnitReportReporter -->
<testsuite hostname="LAPTOP-DGOD7QP8" failures="0" tests="3" name="Buoi15_UserInterActions.ActionClass2" time="2.659" errors="0" timestamp="2024-03-12T16:28:56 ICT" skipped="2">
  <testcase classname="Buoi15_UserInterActions.ActionClass2" name="copyAndPaste" time="2.659"/>
  <system-out/>
  <testcase classname="Buoi15_UserInterActions.ActionClass2" name="inputTextUperCase">
    <skipped/>
  </testcase> <!-- inputTextUperCase -->
  <system-out/>
  <testcase classname="Buoi15_UserInterActions.ActionClass2" name="ScrollPage">
    <skipped/>
  </testcase> <!-- ScrollPage -->
  <system-out/>
</testsuite> <!-- Buoi15_UserInterActions.ActionClass2 -->
