<?xml version="1.0" encoding="UTF-8"?>
<!-- Generated by org.testng.reporters.JUnitReportReporter -->
<testsuite hostname="LAPTOP-DGOD7QP8" failures="0" tests="1" name="Buoi13_TestNG_TestAnotation.TestClass" time="0.006" errors="0" timestamp="2024-03-11T17:19:16 ICT" skipped="0">
  <testcase classname="Buoi13_TestNG_TestAnotation.TestClass" name="testMethod" time="0.006"/>
  <system-out/>
</testsuite> <!-- Buoi13_TestNG_TestAnotation.TestClass -->
