<?xml version="1.0" encoding="UTF-8"?>
<!-- Generated by org.testng.reporters.JUnitReportReporter -->
<testsuite hostname="LAPTOP-DGOD7QP8" failures="0" tests="2" name="Buoi13_TestNG_TestAnotation.TestAnnotation" time="0.009" errors="0" timestamp="2024-03-11T17:16:14 ICT" skipped="0">
  <testcase classname="Buoi13_TestNG_TestAnotation.TestAnnotation" name="testOneMethod" time="0.008"/>
  <system-out/>
  <testcase classname="Buoi13_TestNG_TestAnotation.TestAnnotation" name="testTwoMethod" time="0.001"/>
  <system-out/>
</testsuite> <!-- Buoi13_TestNG_TestAnotation.TestAnnotation -->
