<?xml version="1.0" encoding="UTF-8"?>
<!-- Generated by org.testng.reporters.JUnitReportReporter -->
<testsuite hostname="LAPTOP-DGOD7QP8" failures="0" tests="1" name="Buoi12_TestNG_Secondpackage.firstclass" time="0.002" errors="0" timestamp="2024-03-11T12:20:00 ICT" skipped="0">
  <testcase classname="Buoi12_TestNG_Secondpackage.firstclass" name="secondMethod" time="0.002"/>
  <system-out/>
</testsuite> <!-- Buoi12_TestNG_Secondpackage.firstclass -->
