<?xml version="1.0" encoding="UTF-8"?>
<!-- Generated by org.testng.reporters.JUnitReportReporter -->
<testsuite hostname="LAPTOP-DGOD7QP8" failures="0" tests="3" name="Buoi13_TestNG_TestAnotation.Demo_Anotation_LoginPage" time="7.060" errors="0" timestamp="2024-03-11T18:09:42 ICT" skipped="0">
  <testcase classname="Buoi13_TestNG_TestAnotation.Demo_Anotation_LoginPage" name="inputUsername" time="0.730"/>
  <system-out/>
  <testcase classname="Buoi13_TestNG_TestAnotation.Demo_Anotation_LoginPage" name="inputPassword" time="2.085"/>
  <system-out/>
  <testcase classname="Buoi13_TestNG_TestAnotation.Demo_Anotation_LoginPage" name="clickButtonSubmit" time="4.245"/>
  <system-out/>
</testsuite> <!-- Buoi13_TestNG_TestAnotation.Demo_Anotation_LoginPage -->
