<?xml version="1.0" encoding="UTF-8"?>
<!-- Generated by org.testng.reporters.JUnitReportReporter -->
<testsuite hostname="LAPTOP-DGOD7QP8" failures="0" tests="1" name="Buoi11_TestNG.Automation_TestNG" time="0.410" errors="0" timestamp="2024-03-11T10:30:57 ICT" skipped="0">
  <testcase classname="Buoi11_TestNG.Automation_TestNG" name="f" time="0.410"/>
  <system-out/>
</testsuite> <!-- Buoi11_TestNG.Automation_TestNG -->
